<?xml version="1.0" encoding="UTF-8"?>
<!-- Generated by org.testng.reporters.JUnitReportReporter -->
<testsuite hostname="LAPTOP-B7J48FNR" failures="0" tests="1" name="com.learnAuto.testcases.LoginTestCRM" time="1.895" errors="0" timestamp="2024-06-12T16:13:54 IST" skipped="0">
  <testcase classname="com.learnAuto.testcases.LoginTestCRM" name="launchApp" time="1.895"/>
</testsuite> <!-- com.learnAuto.testcases.LoginTestCRM -->
