<?xml version="1.0" encoding="UTF-8"?>
<!-- Generated by org.testng.reporters.JUnitReportReporter -->
<testsuite hostname="LAPTOP-B7J48FNR" failures="0" tests="1" name="com.learnAuto.testcases.TestcasesWithoutFramework" time="55.939" errors="0" timestamp="2024-06-11T11:37:04 IST" skipped="0">
  <testcase classname="com.learnAuto.testcases.TestcasesWithoutFramework" name="test1" time="55.939"/>
</testsuite> <!-- com.learnAuto.testcases.TestcasesWithoutFramework -->
