<?xml version="1.0" encoding="UTF-8"?>
<!-- Generated by org.testng.reporters.JUnitReportReporter -->
<testsuite hostname="LAPTOP-B7J48FNR" failures="0" tests="1" name="com.learnAuto.testcases.LoginTestCRM" time="3.136" errors="0" timestamp="2024-06-12T22:33:06 IST" skipped="0">
  <testcase classname="com.learnAuto.testcases.LoginTestCRM" name="launchApp" time="3.136"/>
</testsuite> <!-- com.learnAuto.testcases.LoginTestCRM -->
