<?xml version="1.0" encoding="UTF-8"?>
<!-- Generated by org.testng.reporters.JUnitReportReporter -->
<testsuite hostname="LAPTOP-B7J48FNR" failures="0" tests="1" name="com.learnAuto.testcases.LoginTestCRM" time="4.712" errors="0" timestamp="2024-06-13T13:05:51 IST" skipped="0">
  <testcase classname="com.learnAuto.testcases.LoginTestCRM" name="launchApp" time="4.712"/>
</testsuite> <!-- com.learnAuto.testcases.LoginTestCRM -->
